# Preference setting overrides
gui_create_pref_key -category {Globals} -key {load_detail_for_funcov} -value_type {bool} -value {false}

# State setting overrides
gui_state_default_create -off -ini
gui_set_state_value -category Globals -key recent_databases -value {{gui_open_db -file /home/mark.allen.agaton/CoE113/lab3/sim/tb_proc.vpd -design V1} {gui_open_db -file /home/mark.allen.agaton/CoE113/lab2/sim/tb_proc.vpd -design V1} {gui_open_db -file /home/mark.allen.agaton/CoE113/lab1/sim/tb_rf_rtl.vpd -design V2} {gui_open_db -file /home/mark.allen.agaton/CoE113/lab1/sim/tb_rf.vpd -design V1} {gui_open_db -file /home/mark.allen.agaton/CoE113/lab1/sim/tb_rf.vpd -design V3}}
gui_set_state_value -category Layout -key child_console_size_x -value 1359
gui_set_state_value -category Layout -key child_console_size_y -value 170
gui_set_state_value -category Layout -key child_data_size_x -value 208
gui_set_state_value -category Layout -key child_data_size_y -value 389
gui_set_state_value -category Layout -key child_hier_col3 -value {-1}
gui_set_state_value -category Layout -key child_hier_colpd -value 0
gui_set_state_value -category Layout -key child_hier_size_x -value 165
gui_set_state_value -category Layout -key child_hier_size_y -value 389
gui_set_state_value -category Layout -key child_source_docknewline -value false
gui_set_state_value -category Layout -key child_source_pos_x -value {-2}
gui_set_state_value -category Layout -key child_source_pos_y -value {-15}
gui_set_state_value -category Layout -key child_source_size_x -value 989
gui_set_state_value -category Layout -key child_source_size_y -value 384
gui_set_state_value -category Layout -key child_wave_colname -value 195
gui_set_state_value -category Layout -key child_wave_colvalue -value 195
gui_set_state_value -category Layout -key child_wave_left -value 394
gui_set_state_value -category Layout -key child_wave_right -value 960
gui_set_state_value -category Layout -key main_pos_x -value 0
gui_set_state_value -category Layout -key main_pos_y -value 39
gui_set_state_value -category Layout -key main_size_x -value 1359
gui_set_state_value -category Layout -key main_size_y -value 705
gui_set_state_value -category Layout -key stand_wave_child_docknewline -value false
gui_set_state_value -category Layout -key stand_wave_child_pos_x -value {-2}
gui_set_state_value -category Layout -key stand_wave_child_pos_y -value {-15}
gui_set_state_value -category Layout -key stand_wave_child_size_x -value 1364
gui_set_state_value -category Layout -key stand_wave_child_size_y -value 554
gui_set_state_value -category Layout -key stand_wave_top_pos_x -value 0
gui_set_state_value -category Layout -key stand_wave_top_pos_y -value 39
gui_set_state_value -category Layout -key stand_wave_top_size_x -value 1359
gui_set_state_value -category Layout -key stand_wave_top_size_y -value 705
gui_create_state_key -category FindDialog -key m_pMatchCase -value_type bool -value false
gui_create_state_key -category FindDialog -key m_pMatchWord -value_type bool -value false
gui_create_state_key -category FindDialog -key m_pUseCombo -value_type string -value {}
gui_create_state_key -category FindDialog -key m_pWrapAround -value_type bool -value true
gui_state_default_create -off

# Begin command logging
gui_open_db -file /home/mark.allen.agaton/CoE113/lab3/sim/tb_single_cycle_mips.vpd -design V1
gui_src_highlight_item -id Source.1 -lfrom 115 -idxfrom 36 -fileIdFrom 0 -lto 115 -idxto 47 -fileIdTo 0 -selection {in2_hl_q_hl} -selectionId 0 -replace 0
gui_list_select -id Hier.1 -current_item_name tb_single_cycle_mips -current_item_type Scope  -selected  { tb_single_cycle_mips   }
gui_list_select -id Data.1 -selected  { {tb_single_cycle_mips.data_in[31:0]}   }
gui_list_select -id Data.1 -selected  { {tb_single_cycle_mips.k[31:0]}   }
gui_list_select -id Data.1 -selected  { tb_single_cycle_mips.clk   }
gui_list_select -id Data.1 -selected  { tb_single_cycle_mips.clk  tb_single_cycle_mips.rst_n   }
gui_list_select -id Data.1 -selected  { tb_single_cycle_mips.clk  tb_single_cycle_mips.rst_n  {tb_single_cycle_mips.inst_addr[31:0]}   }
gui_list_select -id Data.1 -selected  { tb_single_cycle_mips.clk  tb_single_cycle_mips.rst_n  {tb_single_cycle_mips.inst_addr[31:0]}  {tb_single_cycle_mips.inst[31:0]}   }
gui_list_select -id Data.1 -selected  { tb_single_cycle_mips.clk  tb_single_cycle_mips.rst_n  {tb_single_cycle_mips.inst_addr[31:0]}  {tb_single_cycle_mips.inst[31:0]}  {tb_single_cycle_mips.data_addr[31:0]}   }
gui_list_select -id Data.1 -selected  { tb_single_cycle_mips.clk  tb_single_cycle_mips.rst_n  {tb_single_cycle_mips.inst_addr[31:0]}  {tb_single_cycle_mips.inst[31:0]}  {tb_single_cycle_mips.data_addr[31:0]}  {tb_single_cycle_mips.data_in[31:0]}   }
gui_list_select -id Data.1 -selected  { tb_single_cycle_mips.clk  tb_single_cycle_mips.rst_n  {tb_single_cycle_mips.inst_addr[31:0]}  {tb_single_cycle_mips.inst[31:0]}  {tb_single_cycle_mips.data_addr[31:0]}  {tb_single_cycle_mips.data_in[31:0]}  {tb_single_cycle_mips.data_out[31:0]}   }
gui_list_select -id Data.1 -selected  { tb_single_cycle_mips.clk  tb_single_cycle_mips.rst_n  {tb_single_cycle_mips.inst_addr[31:0]}  {tb_single_cycle_mips.inst[31:0]}  {tb_single_cycle_mips.data_addr[31:0]}  {tb_single_cycle_mips.data_in[31:0]}  {tb_single_cycle_mips.data_out[31:0]}  tb_single_cycle_mips.data_wr   }
gui_open_window Wave
gui_list_add -id Wave.1 -from Data.1 { tb_single_cycle_mips.clk tb_single_cycle_mips.rst_n {tb_single_cycle_mips.inst_addr[31:0]} {tb_single_cycle_mips.inst[31:0]} {tb_single_cycle_mips.data_addr[31:0]} {tb_single_cycle_mips.data_in[31:0]} {tb_single_cycle_mips.data_out[31:0]} tb_single_cycle_mips.data_wr } -insertionbar
gui_zoom -window Wave.1 -full
gui_wv_zoom_timerange -id  Wave.1 217795 352432
gui_wv_zoom_timerange -id  Wave.1 235840 248284
gui_zoom -window Wave.1 -full
gui_close_window -window TopLevel.1
