# Preference setting overrides
gui_create_pref_key -category {Globals} -key {load_detail_for_funcov} -value_type {bool} -value {false}

# State setting overrides
gui_state_default_create -off -ini
gui_set_state_value -category Globals -key recent_databases -value {{gui_open_db -file /home/mark.allen.agaton/CoE113/lab4/sim/pipelined_mips.vpd -design V1} {gui_open_db -file /home/mark.allen.agaton/CoE113/lab3/sim/tb_single_cycle_mips.vpd -design V1} {gui_open_db -file /home/mark.allen.agaton/CoE113/lab3/sim/tb_proc.vpd -design V1} {gui_open_db -file /home/mark.allen.agaton/CoE113/lab2/sim/tb_proc.vpd -design V1} {gui_open_db -file /home/mark.allen.agaton/CoE113/lab1/sim/tb_rf_rtl.vpd -design V2}}
gui_set_state_value -category Layout -key child_console_size_x -value 1359
gui_set_state_value -category Layout -key child_console_size_y -value 164
gui_set_state_value -category Layout -key child_data_size_x -value 202
gui_set_state_value -category Layout -key child_data_size_y -value 395
gui_set_state_value -category Layout -key child_hier_col3 -value {-1}
gui_set_state_value -category Layout -key child_hier_colpd -value 0
gui_set_state_value -category Layout -key child_hier_size_x -value 159
gui_set_state_value -category Layout -key child_hier_size_y -value 395
gui_set_state_value -category Layout -key child_source_docknewline -value false
gui_set_state_value -category Layout -key child_source_pos_x -value {-2}
gui_set_state_value -category Layout -key child_source_pos_y -value {-15}
gui_set_state_value -category Layout -key child_source_size_x -value 1001
gui_set_state_value -category Layout -key child_source_size_y -value 390
gui_set_state_value -category Layout -key child_wave_colname -value 176
gui_set_state_value -category Layout -key child_wave_colvalue -value 132
gui_set_state_value -category Layout -key child_wave_left -value 312
gui_set_state_value -category Layout -key child_wave_right -value 983
gui_set_state_value -category Layout -key main_pos_x -value 0
gui_set_state_value -category Layout -key main_pos_y -value 39
gui_set_state_value -category Layout -key main_size_x -value 1359
gui_set_state_value -category Layout -key main_size_y -value 705
gui_set_state_value -category Layout -key stand_wave_child_docknewline -value false
gui_set_state_value -category Layout -key stand_wave_child_pos_x -value {-2}
gui_set_state_value -category Layout -key stand_wave_child_pos_y -value {-15}
gui_set_state_value -category Layout -key stand_wave_child_size_x -value 1305
gui_set_state_value -category Layout -key stand_wave_child_size_y -value 553
gui_set_state_value -category Layout -key stand_wave_top_pos_x -value 65
gui_set_state_value -category Layout -key stand_wave_top_pos_y -value 67
gui_set_state_value -category Layout -key stand_wave_top_size_x -value 1365
gui_set_state_value -category Layout -key stand_wave_top_size_y -value 732
gui_create_state_key -category FindDialog -key m_pMatchCase -value_type bool -value false
gui_create_state_key -category FindDialog -key m_pMatchWord -value_type bool -value false
gui_create_state_key -category FindDialog -key m_pUseCombo -value_type string -value {}
gui_create_state_key -category FindDialog -key m_pWrapAround -value_type bool -value true
gui_state_default_create -off

# Begin command logging
gui_open_db -file /home/mark.allen.agaton/CoE113/lab4/sim/pipelined_mips.vpd -design V1
gui_list_select -id Data.1 -selected  { tb_pipelined_mips.clk   }
gui_list_select -id Data.1 -selected  { {tb_pipelined_mips.inst[31:0]}   }
gui_list_select -id Data.1 -selected  { tb_pipelined_mips.rst_n   }
gui_list_select -id Data.1 -selected  { tb_pipelined_mips.clk   }
gui_list_select -id Data.1 -selected  { tb_pipelined_mips.clk  {tb_pipelined_mips.inst_addr[31:0]}   }
gui_list_action -id  Hier.1 tb_pipelined_mips
gui_list_descend -id Hier.1 -meta tb_pipelined_mips
gui_list_action -id  Hier.1 tb_pipelined_mips
gui_list_ascend -id Hier.1
gui_list_select -id Data.1 -selected  { tb_pipelined_mips.clk  {tb_pipelined_mips.inst_addr[31:0]}  {tb_pipelined_mips.pc_IF[31:0]}   }
gui_list_select -id Data.1 -selected  { tb_pipelined_mips.clk  {tb_pipelined_mips.inst_addr[31:0]}  {tb_pipelined_mips.pc_IF[31:0]}  {tb_pipelined_mips.pc_ID[31:0]}   }
gui_list_select -id Data.1 -selected  { tb_pipelined_mips.clk  {tb_pipelined_mips.inst_addr[31:0]}  {tb_pipelined_mips.pc_IF[31:0]}  {tb_pipelined_mips.pc_ID[31:0]}  {tb_pipelined_mips.pc_EXE[31:0]}   }
gui_list_select -id Data.1 -selected  { tb_pipelined_mips.clk  {tb_pipelined_mips.inst_addr[31:0]}  {tb_pipelined_mips.pc_IF[31:0]}  {tb_pipelined_mips.pc_ID[31:0]}  {tb_pipelined_mips.pc_EXE[31:0]}  {tb_pipelined_mips.pc_MEM[31:0]}   }
gui_list_select -id Data.1 -selected  { tb_pipelined_mips.clk  {tb_pipelined_mips.inst_addr[31:0]}  {tb_pipelined_mips.pc_IF[31:0]}  {tb_pipelined_mips.pc_ID[31:0]}  {tb_pipelined_mips.pc_EXE[31:0]}  {tb_pipelined_mips.pc_MEM[31:0]}  {tb_pipelined_mips.pc_WB[31:0]}   }
gui_list_collapse -id Hier.1 -parent {tb_pipelined_mips}
gui_list_action -id  Hier.1 tb_pipelined_mips
gui_list_action -id  Hier.1 tb_pipelined_mips
gui_src_highlight_item -id Source.1 -lfrom 19 -idxfrom 1 -fileIdFrom 0 -lto 19 -idxto 15 -fileIdTo 0 -selection {pipelined_mips} -selectionId 0 -replace 0
gui_src_highlight_item -id Source.1 -lfrom 19 -idxfrom 1 -fileIdFrom 0 -lto 19 -idxto 15 -fileIdTo 0 -selection {pipelined_mips} -selectionId 0 -replace 0
gui_list_select -id Data.1 -selected  { tb_pipelined_mips.clk  {tb_pipelined_mips.inst_addr[31:0]}  {tb_pipelined_mips.pc_IF[31:0]}  {tb_pipelined_mips.pc_ID[31:0]}  {tb_pipelined_mips.pc_EXE[31:0]}  {tb_pipelined_mips.pc_MEM[31:0]}  {tb_pipelined_mips.pc_WB[31:0]}  {tb_pipelined_mips.data_addr[31:0]}   }
gui_list_select -id Data.1 -selected  { tb_pipelined_mips.clk  {tb_pipelined_mips.inst_addr[31:0]}  {tb_pipelined_mips.pc_IF[31:0]}  {tb_pipelined_mips.pc_ID[31:0]}  {tb_pipelined_mips.pc_EXE[31:0]}  {tb_pipelined_mips.pc_MEM[31:0]}  {tb_pipelined_mips.pc_WB[31:0]}  {tb_pipelined_mips.data_addr[31:0]}  {tb_pipelined_mips.data_in[31:0]}   }
gui_list_select -id Data.1 -selected  { tb_pipelined_mips.clk  {tb_pipelined_mips.inst_addr[31:0]}  {tb_pipelined_mips.pc_IF[31:0]}  {tb_pipelined_mips.pc_ID[31:0]}  {tb_pipelined_mips.pc_EXE[31:0]}  {tb_pipelined_mips.pc_MEM[31:0]}  {tb_pipelined_mips.pc_WB[31:0]}  {tb_pipelined_mips.data_addr[31:0]}  {tb_pipelined_mips.data_in[31:0]}  {tb_pipelined_mips.data_out[31:0]}   }
gui_list_select -id Data.1 { tb_pipelined_mips.data_wr   }
gui_list_expand -id Hier.1 -all {<root>}
gui_list_action -id  Hier.1 tb_pipelined_mips
gui_list_action -id  Hier.1 tb_pipelined_mips
gui_list_action -id  Hier.1 tb_pipelined_mips
gui_list_action -id  Hier.1 tb_pipelined_mips
gui_save_session -reload -default_file
gui_list_expand -id  Hier.1   tb_pipelined_mips
gui_list_select -id Hier.1 -current_item_name tb_pipelined_mips.UUT -current_item_type Scope  -selected  { tb_pipelined_mips.UUT   }
gui_list_expand -id  Hier.1   tb_pipelined_mips.UUT
gui_list_select -id Hier.1 -current_item_name tb_pipelined_mips.UUT.R1 -current_item_type Scope  -selected  { tb_pipelined_mips.UUT.R1   }
gui_list_select -id Hier.1 -current_item_name tb_pipelined_mips -current_item_type Scope  -selected  { tb_pipelined_mips   }
gui_open_window Wave
gui_list_add -id Wave.1 -from Data.1 { tb_pipelined_mips.clk {tb_pipelined_mips.inst_addr[31:0]} {tb_pipelined_mips.data_addr[31:0]} {tb_pipelined_mips.data_in[31:0]} {tb_pipelined_mips.data_out[31:0]} tb_pipelined_mips.data_wr {tb_pipelined_mips.pc_IF[31:0]} {tb_pipelined_mips.pc_ID[31:0]} {tb_pipelined_mips.pc_EXE[31:0]} {tb_pipelined_mips.pc_MEM[31:0]} {tb_pipelined_mips.pc_WB[31:0]} } -insertionbar
gui_zoom -window Wave.1 -full
gui_list_select -id Hier.1 -current_item_name tb_pipelined_mips.UUT.A1 -current_item_type Scope  -selected  { tb_pipelined_mips.UUT.A1   }
gui_list_select -id Hier.1 -current_item_name tb_pipelined_mips.UUT.R1 -current_item_type Scope  -selected  { tb_pipelined_mips.UUT.R1   }
gui_list_select -id Data.1 -selected  { {tb_pipelined_mips.UUT.R1.rd_addrA[4:0]}   }
gui_list_select -id Data.1 -selected  { {tb_pipelined_mips.UUT.R1.rd_addrA[4:0]}  {tb_pipelined_mips.UUT.R1.rd_addrB[4:0]}   }
gui_list_select -id Data.1 -selected  { {tb_pipelined_mips.UUT.R1.rd_addrA[4:0]}  {tb_pipelined_mips.UUT.R1.rd_addrB[4:0]}  {tb_pipelined_mips.UUT.R1.rd_dataB[31:0]}   }
gui_list_select -id Data.1 -selected  { {tb_pipelined_mips.UUT.R1.rd_addrA[4:0]}  {tb_pipelined_mips.UUT.R1.rd_addrB[4:0]}  {tb_pipelined_mips.UUT.R1.rd_dataB[31:0]}  {tb_pipelined_mips.UUT.R1.rd_dataA[31:0]}   }
gui_list_add -id Wave.1 -from Data.1 { {tb_pipelined_mips.UUT.R1.rd_addrA[4:0]} {tb_pipelined_mips.UUT.R1.rd_addrB[4:0]} {tb_pipelined_mips.UUT.R1.rd_dataA[31:0]} {tb_pipelined_mips.UUT.R1.rd_dataB[31:0]} } -insertionbar
gui_wv_scroll_hslidermove -id  Wave.1 0
gui_wv_scroll_hslidermove -id  Wave.1 0
gui_zoom -window Wave.1 -full
gui_zoom -window Wave.1 -factor 2
gui_zoom -window Wave.1 -factor 2
gui_marker_move -id  Wave.1 C1 390000
gui_marker_move -id  Wave.1 C1 324230
gui_marker_move -id  Wave.1 C1 350000
gui_marker_select -id  Wave.1 { C1 }
gui_marker_move -id  Wave.1 C1 410000
gui_marker_move -id  Wave.1 C1 350000
gui_scroll -window Wave.1 -hrel .2
gui_scroll -window Wave.1 -hrel .2
gui_scroll -window Wave.1 -hrel -.2
gui_scroll -window Wave.1 -hrel .2
gui_list_select -id Wave.1 -selected  { {tb_pipelined_mips.data_out[31:0]}   }
gui_list_expand -id  Wave.1   {tb_pipelined_mips.data_out[31:0]}
gui_list_collapse -id  Wave.1   {tb_pipelined_mips.data_out[31:0]}
gui_zoom -window Wave.1 -factor 2
gui_zoom -window Wave.1 -factor 2
gui_list_select -id Wave.1 -selected  { {tb_pipelined_mips.inst_addr[31:0]}   }
gui_list_expand -id  Wave.1   {tb_pipelined_mips.inst_addr[31:0]}
gui_list_collapse -id  Wave.1   {tb_pipelined_mips.inst_addr[31:0]}
gui_marker_move -id  Wave.1 C1 370000
gui_marker_move -id  Wave.1 C1 390000
gui_marker_move -id  Wave.1 C1 390000
gui_list_select -id Wave.1 -selected  { {tb_pipelined_mips.data_addr[31:0]}   }
gui_marker_move -id  Wave.1 C1 301802
gui_wv_scroll_hslidermove -id  Wave.1 1920
gui_list_select -id Wave.1 -selected  { {tb_pipelined_mips.inst_addr[31:0]}   }
gui_wv_scroll_hslidermove -id  Wave.1 4948
gui_close_window -window TopLevel.2
